<?xml version="1.0" encoding="UTF-8"?>
<!-- Generated by org.testng.reporters.JUnitXMLReporter -->
<testsuite ignored="0" hostname="LAPTOP-CURMODMT" failures="0" tests="4" name="Default test" time="7.629" errors="0" timestamp="2022-11-04T23:34:16 IST">
  <testcase classname="org.sample.Testngpriority" name="tc1" time="5.075"/>
  <testcase classname="org.sample.Testngpriority" name="tc2" time="2.136"/>
  <testcase classname="org.sample.Testngpriority" name="tc3" time="0.134"/>
  <testcase classname="org.sample.Testngpriority" name="tc4" time="0.239"/>
</testsuite> <!-- Default test -->
