<?xml version="1.0" encoding="UTF-8"?>
<testng-results ignored="0" total="4" passed="4" failed="0" skipped="0">
  <reporter-output>
  </reporter-output>
  <suite started-at="2022-11-04T23:34:09 IST" name="Default suite" finished-at="2022-11-04T23:34:16 IST" duration-ms="7629">
    <groups>
    </groups>
    <test started-at="2022-11-04T23:34:09 IST" name="Default test" finished-at="2022-11-04T23:34:16 IST" duration-ms="7629">
      <class name="org.sample.Testngpriority">
        <test-method signature="tc1()[pri:-2, instance:org.sample.Testngpriority@932bc4a]" started-at="2022-11-04T23:34:09 IST" name="tc1" finished-at="2022-11-04T23:34:14 IST" duration-ms="5075" status="PASS">
          <reporter-output>
          </reporter-output>
        </test-method> <!-- tc1 -->
        <test-method signature="tc2()[pri:-1, instance:org.sample.Testngpriority@932bc4a]" started-at="2022-11-04T23:34:14 IST" name="tc2" finished-at="2022-11-04T23:34:16 IST" duration-ms="2136" status="PASS">
          <reporter-output>
          </reporter-output>
        </test-method> <!-- tc2 -->
        <test-method signature="tc3()[pri:0, instance:org.sample.Testngpriority@932bc4a]" started-at="2022-11-04T23:34:16 IST" name="tc3" finished-at="2022-11-04T23:34:16 IST" duration-ms="134" status="PASS">
          <reporter-output>
          </reporter-output>
        </test-method> <!-- tc3 -->
        <test-method signature="tc4()[pri:1, instance:org.sample.Testngpriority@932bc4a]" started-at="2022-11-04T23:34:16 IST" name="tc4" finished-at="2022-11-04T23:34:16 IST" duration-ms="239" status="PASS">
          <reporter-output>
          </reporter-output>
        </test-method> <!-- tc4 -->
      </class> <!-- org.sample.Testngpriority -->
    </test> <!-- Default test -->
  </suite> <!-- Default suite -->
</testng-results>
